[Thu Apr 09 13:50:20 MDT 2020] - INFO passoff.ServerTest: 	Setting up Realistic Fill Death Test...
[Thu Apr 09 13:50:20 MDT 2020] - INFO client.Proxy: 	Clear called
[Thu Apr 09 13:50:20 MDT 2020] - INFO client.Client: 	Post without Request Body called
[Thu Apr 09 13:50:20 MDT 2020] - INFO client.Client: 	Attempting to open connection to server
[Thu Apr 09 13:50:20 MDT 2020] - INFO client.Client: 	Connection opened to server
[Thu Apr 09 13:50:20 MDT 2020] - INFO client.Client: 	Setting passoffrequest method to POST
[Thu Apr 09 13:50:20 MDT 2020] - INFO client.Client: 	Request method set to POST
[Thu Apr 09 13:50:20 MDT 2020] - INFO client.Client: 	Setting Do Output to true
[Thu Apr 09 13:50:20 MDT 2020] - INFO client.Client: 	Do Output set to true
[Thu Apr 09 13:50:20 MDT 2020] - INFO client.Client: 	Connecting to server
[Thu Apr 09 13:50:20 MDT 2020] - INFO client.Client: 	Connected to server
[Thu Apr 09 13:50:20 MDT 2020] - INFO client.Client: 	Getting response code from server
[Thu Apr 09 13:50:21 MDT 2020] - INFO client.Client: 	Response code 200 returned
[Thu Apr 09 13:50:21 MDT 2020] - INFO client.Client: 	Getting input stream from server
[Thu Apr 09 13:50:21 MDT 2020] - INFO client.Client: 	Reading input stream into a string
[Thu Apr 09 13:50:24 MDT 2020] - INFO passoff.ServerTest: 	Running Realistic Fill Death Test...
[Thu Apr 09 13:50:25 MDT 2020] - INFO client.Proxy: 	Register called
[Thu Apr 09 13:50:25 MDT 2020] - INFO client.Client: 	Post with Request Body called
[Thu Apr 09 13:50:25 MDT 2020] - INFO client.Client: 	Attempting to open connection to server
[Thu Apr 09 13:50:25 MDT 2020] - INFO client.Client: 	Connection opened to server
[Thu Apr 09 13:50:25 MDT 2020] - INFO client.Client: 	Setting passoffrequest method to POST
[Thu Apr 09 13:50:25 MDT 2020] - INFO client.Client: 	Request method set to POST
[Thu Apr 09 13:50:25 MDT 2020] - INFO client.Client: 	Setting Do Output to true
[Thu Apr 09 13:50:25 MDT 2020] - INFO client.Client: 	Do Output set to true
[Thu Apr 09 13:50:25 MDT 2020] - INFO client.Client: 	Connecting to server
[Thu Apr 09 13:50:25 MDT 2020] - INFO client.Client: 	Connected to server
[Thu Apr 09 13:50:25 MDT 2020] - INFO client.Client: 	Opening output stream to server
[Thu Apr 09 13:50:25 MDT 2020] - INFO client.Client: 	Writing passoffrequest to server output stream
[Thu Apr 09 13:50:25 MDT 2020] - INFO client.Client: 	Request written to server output stream
[Thu Apr 09 13:50:25 MDT 2020] - INFO client.Client: 	Closing output stream to server
[Thu Apr 09 13:50:25 MDT 2020] - INFO client.Client: 	Output stream to server closed
[Thu Apr 09 13:50:25 MDT 2020] - INFO client.Client: 	Getting response code from server
[Thu Apr 09 13:50:39 MDT 2020] - INFO client.Client: 	Response code 200 returned
[Thu Apr 09 13:50:39 MDT 2020] - INFO client.Client: 	Getting input stream from server
[Thu Apr 09 13:50:39 MDT 2020] - INFO client.Client: 	Reading input stream into a string
[Thu Apr 09 13:50:48 MDT 2020] - INFO client.Proxy: 	Persons called
[Thu Apr 09 13:50:48 MDT 2020] - INFO client.Client: 	Get with Auth Token called
[Thu Apr 09 13:50:48 MDT 2020] - INFO client.Client: 	Attempting to open connection to server
[Thu Apr 09 13:50:48 MDT 2020] - INFO client.Client: 	Connection opened to server
[Thu Apr 09 13:50:48 MDT 2020] - INFO client.Client: 	Setting passoffrequest method to GET
[Thu Apr 09 13:50:48 MDT 2020] - INFO client.Client: 	Request method set to GET
[Thu Apr 09 13:50:48 MDT 2020] - INFO client.Client: 	Setting Do Output to false
[Thu Apr 09 13:50:48 MDT 2020] - INFO client.Client: 	Do Output set to false
[Thu Apr 09 13:50:48 MDT 2020] - INFO client.Client: 	Adding Auth token null
[Thu Apr 09 13:50:48 MDT 2020] - INFO client.Client: 	Auth token set to null
[Thu Apr 09 13:50:48 MDT 2020] - INFO client.Client: 	Connecting to server
[Thu Apr 09 13:50:48 MDT 2020] - INFO client.Client: 	Connected to server
[Thu Apr 09 13:50:48 MDT 2020] - INFO client.Client: 	Getting response code from server
[Thu Apr 09 13:51:32 MDT 2020] - INFO client.Client: 	Response code 400 returned
[Thu Apr 09 13:51:32 MDT 2020] - INFO client.Client: 	Getting input stream from server
[Thu Apr 09 13:51:32 MDT 2020] - INFO client.Client: 	Reading input stream into a string
[Thu Apr 09 13:51:37 MDT 2020] - INFO client.Proxy: 	Events called
[Thu Apr 09 13:51:37 MDT 2020] - INFO client.Client: 	Get with Auth Token called
[Thu Apr 09 13:51:37 MDT 2020] - INFO client.Client: 	Attempting to open connection to server
[Thu Apr 09 13:51:37 MDT 2020] - INFO client.Client: 	Connection opened to server
[Thu Apr 09 13:51:37 MDT 2020] - INFO client.Client: 	Setting passoffrequest method to GET
[Thu Apr 09 13:51:37 MDT 2020] - INFO client.Client: 	Request method set to GET
[Thu Apr 09 13:51:37 MDT 2020] - INFO client.Client: 	Setting Do Output to false
[Thu Apr 09 13:51:37 MDT 2020] - INFO client.Client: 	Do Output set to false
[Thu Apr 09 13:51:37 MDT 2020] - INFO client.Client: 	Adding Auth token null
[Thu Apr 09 13:51:37 MDT 2020] - INFO client.Client: 	Auth token set to null
[Thu Apr 09 13:51:37 MDT 2020] - INFO client.Client: 	Connecting to server
[Thu Apr 09 13:51:37 MDT 2020] - INFO client.Client: 	Connected to server
[Thu Apr 09 13:51:37 MDT 2020] - INFO client.Client: 	Getting response code from server
[Thu Apr 09 13:51:37 MDT 2020] - INFO client.Client: 	Response code 400 returned
[Thu Apr 09 13:51:37 MDT 2020] - INFO client.Client: 	Getting input stream from server
[Thu Apr 09 13:51:37 MDT 2020] - INFO client.Client: 	Reading input stream into a string
